<?xml version="1.0" encoding="UTF-8"?>
<testng-results skipped="0" failed="0" ignored="1" total="2" passed="1">
  <reporter-output>
  </reporter-output>
  <suite name="All Test Suite" duration-ms="21843" started-at="2021-01-27T16:45:15 IST" finished-at="2021-01-27T16:45:37 IST">
    <groups>
      <group name="smoke">
        <method signature="Auto1.validateHomePage2()[pri:0, instance:Homepage.Auto1@5bb21b69]" name="validateHomePage2" class="Homepage.Auto1"/>
      </group> <!-- smoke -->
    </groups>
    <test name="D:/Maven Projects/AppiumFramework" duration-ms="21843" started-at="2021-01-27T16:45:15 IST" finished-at="2021-01-27T16:45:37 IST">
      <class name="Homepage.Auto1">
        <test-method status="PASS" signature="setUp()[pri:0, instance:Homepage.Auto1@5bb21b69]" name="setUp" is-config="true" duration-ms="13283" started-at="2021-01-27T16:45:15 IST" finished-at="2021-01-27T16:45:29 IST">
          <reporter-output>
          </reporter-output>
        </test-method> <!-- setUp -->
        <test-method status="PASS" signature="validateHomePage2()[pri:0, instance:Homepage.Auto1@5bb21b69]" name="validateHomePage2" duration-ms="8180" started-at="2021-01-27T16:45:29 IST" finished-at="2021-01-27T16:45:37 IST">
          <reporter-output>
          </reporter-output>
        </test-method> <!-- validateHomePage2 -->
        <test-method status="PASS" signature="tearDown()[pri:0, instance:Homepage.Auto1@5bb21b69]" name="tearDown" is-config="true" duration-ms="185" started-at="2021-01-27T16:45:37 IST" finished-at="2021-01-27T16:45:37 IST">
          <reporter-output>
          </reporter-output>
        </test-method> <!-- tearDown -->
      </class> <!-- Homepage.Auto1 -->
    </test> <!-- D:/Maven Projects/AppiumFramework -->
  </suite> <!-- All Test Suite -->
</testng-results>
